<?xml version="1.0" encoding="UTF-8"?>
<testsuite name="tests.UserUT" tests="3" skipped="0" failures="3" errors="0" timestamp="2018-10-21T03:39:49" hostname="W105N0YRP2" time="0.19">
  <properties/>
  <testcase name="createAdminUser" classname="tests.UserUT" time="0.124">
    <failure message="org.bson.BsonInvalidOperationException: readStartDocument can only be called when CurrentBSONType is DOCUMENT, not when CurrentBSONType is NULL." type="org.bson.BsonInvalidOperationException">org.bson.BsonInvalidOperationException: readStartDocument can only be called when CurrentBSONType is DOCUMENT, not when CurrentBSONType is NULL.
	at org.bson.AbstractBsonReader.verifyBSONType(AbstractBsonReader.java:692)
	at org.bson.AbstractBsonReader.checkPreconditions(AbstractBsonReader.java:724)
	at org.bson.AbstractBsonReader.readStartDocument(AbstractBsonReader.java:452)
	at org.bson.codecs.DocumentCodec.decode(DocumentCodec.java:148)
	at org.bson.codecs.DocumentCodec.decode(DocumentCodec.java:45)
	at org.bson.Document.parse(Document.java:105)
	at org.bson.Document.parse(Document.java:90)
	at app.database.DatabaseController.convertToDocument(DatabaseController.java:70)
	at app.database.DatabaseController.removeObject(DatabaseController.java:52)
	at tests.UserUT.createAdminUser(UserUT.java:37)
	at sun.reflect.NativeMethodAccessorImpl.invoke0(Native Method)
	at sun.reflect.NativeMethodAccessorImpl.invoke(NativeMethodAccessorImpl.java:62)
	at sun.reflect.DelegatingMethodAccessorImpl.invoke(DelegatingMethodAccessorImpl.java:43)
	at java.lang.reflect.Method.invoke(Method.java:498)
	at org.junit.runners.model.FrameworkMethod$1.runReflectiveCall(FrameworkMethod.java:50)
	at org.junit.internal.runners.model.ReflectiveCallable.run(ReflectiveCallable.java:12)
	at org.junit.runners.model.FrameworkMethod.invokeExplosively(FrameworkMethod.java:47)
	at org.junit.internal.runners.statements.InvokeMethod.evaluate(InvokeMethod.java:17)
	at org.junit.internal.runners.statements.RunBefores.evaluate(RunBefores.java:26)
	at org.junit.internal.runners.statements.RunAfters.evaluate(RunAfters.java:27)
	at org.junit.runners.ParentRunner.runLeaf(ParentRunner.java:325)
	at org.junit.runners.BlockJUnit4ClassRunner.runChild(BlockJUnit4ClassRunner.java:78)
	at org.junit.runners.BlockJUnit4ClassRunner.runChild(BlockJUnit4ClassRunner.java:57)
	at org.junit.runners.ParentRunner$3.run(ParentRunner.java:290)
	at org.junit.runners.ParentRunner$1.schedule(ParentRunner.java:71)
	at org.junit.runners.ParentRunner.runChildren(ParentRunner.java:288)
	at org.junit.runners.ParentRunner.access$000(ParentRunner.java:58)
	at org.junit.runners.ParentRunner$2.evaluate(ParentRunner.java:268)
	at org.junit.runners.ParentRunner.run(ParentRunner.java:363)
	at org.gradle.api.internal.tasks.testing.junit.JUnitTestClassExecutor.runTestClass(JUnitTestClassExecutor.java:106)
	at org.gradle.api.internal.tasks.testing.junit.JUnitTestClassExecutor.execute(JUnitTestClassExecutor.java:58)
	at org.gradle.api.internal.tasks.testing.junit.JUnitTestClassExecutor.execute(JUnitTestClassExecutor.java:38)
	at org.gradle.api.internal.tasks.testing.junit.AbstractJUnitTestClassProcessor.processTestClass(AbstractJUnitTestClassProcessor.java:66)
	at org.gradle.api.internal.tasks.testing.SuiteTestClassProcessor.processTestClass(SuiteTestClassProcessor.java:51)
	at sun.reflect.NativeMethodAccessorImpl.invoke0(Native Method)
	at sun.reflect.NativeMethodAccessorImpl.invoke(NativeMethodAccessorImpl.java:62)
	at sun.reflect.DelegatingMethodAccessorImpl.invoke(DelegatingMethodAccessorImpl.java:43)
	at java.lang.reflect.Method.invoke(Method.java:498)
	at org.gradle.internal.dispatch.ReflectionDispatch.dispatch(ReflectionDispatch.java:35)
	at org.gradle.internal.dispatch.ReflectionDispatch.dispatch(ReflectionDispatch.java:24)
	at org.gradle.internal.dispatch.ContextClassLoaderDispatch.dispatch(ContextClassLoaderDispatch.java:32)
	at org.gradle.internal.dispatch.ProxyDispatchAdapter$DispatchingInvocationHandler.invoke(ProxyDispatchAdapter.java:93)
	at com.sun.proxy.$Proxy1.processTestClass(Unknown Source)
	at org.gradle.api.internal.tasks.testing.worker.TestWorker.processTestClass(TestWorker.java:109)
	at sun.reflect.NativeMethodAccessorImpl.invoke0(Native Method)
	at sun.reflect.NativeMethodAccessorImpl.invoke(NativeMethodAccessorImpl.java:62)
	at sun.reflect.DelegatingMethodAccessorImpl.invoke(DelegatingMethodAccessorImpl.java:43)
	at java.lang.reflect.Method.invoke(Method.java:498)
	at org.gradle.internal.dispatch.ReflectionDispatch.dispatch(ReflectionDispatch.java:35)
	at org.gradle.internal.dispatch.ReflectionDispatch.dispatch(ReflectionDispatch.java:24)
	at org.gradle.internal.remote.internal.hub.MessageHubBackedObjectConnection$DispatchWrapper.dispatch(MessageHubBackedObjectConnection.java:155)
	at org.gradle.internal.remote.internal.hub.MessageHubBackedObjectConnection$DispatchWrapper.dispatch(MessageHubBackedObjectConnection.java:137)
	at org.gradle.internal.remote.internal.hub.MessageHub$Handler.run(MessageHub.java:404)
	at org.gradle.internal.concurrent.ExecutorPolicy$CatchAndRecordFailures.onExecute(ExecutorPolicy.java:63)
	at org.gradle.internal.concurrent.ManagedExecutorImpl$1.run(ManagedExecutorImpl.java:46)
	at java.util.concurrent.ThreadPoolExecutor.runWorker(ThreadPoolExecutor.java:1149)
	at java.util.concurrent.ThreadPoolExecutor$Worker.run(ThreadPoolExecutor.java:624)
	at org.gradle.internal.concurrent.ThreadFactoryImpl$ManagedThreadRunnable.run(ThreadFactoryImpl.java:55)
	at java.lang.Thread.run(Thread.java:748)
</failure>
  </testcase>
  <testcase name="createGuardian" classname="tests.UserUT" time="0.03">
    <failure message="org.bson.BsonInvalidOperationException: readStartDocument can only be called when CurrentBSONType is DOCUMENT, not when CurrentBSONType is NULL." type="org.bson.BsonInvalidOperationException">org.bson.BsonInvalidOperationException: readStartDocument can only be called when CurrentBSONType is DOCUMENT, not when CurrentBSONType is NULL.
	at org.bson.AbstractBsonReader.verifyBSONType(AbstractBsonReader.java:692)
	at org.bson.AbstractBsonReader.checkPreconditions(AbstractBsonReader.java:724)
	at org.bson.AbstractBsonReader.readStartDocument(AbstractBsonReader.java:452)
	at org.bson.codecs.DocumentCodec.decode(DocumentCodec.java:148)
	at org.bson.codecs.DocumentCodec.decode(DocumentCodec.java:45)
	at org.bson.Document.parse(Document.java:105)
	at org.bson.Document.parse(Document.java:90)
	at app.database.DatabaseController.convertToDocument(DatabaseController.java:70)
	at app.database.DatabaseController.removeObject(DatabaseController.java:52)
	at tests.UserUT.createGuardian(UserUT.java:71)
	at sun.reflect.NativeMethodAccessorImpl.invoke0(Native Method)
	at sun.reflect.NativeMethodAccessorImpl.invoke(NativeMethodAccessorImpl.java:62)
	at sun.reflect.DelegatingMethodAccessorImpl.invoke(DelegatingMethodAccessorImpl.java:43)
	at java.lang.reflect.Method.invoke(Method.java:498)
	at org.junit.runners.model.FrameworkMethod$1.runReflectiveCall(FrameworkMethod.java:50)
	at org.junit.internal.runners.model.ReflectiveCallable.run(ReflectiveCallable.java:12)
	at org.junit.runners.model.FrameworkMethod.invokeExplosively(FrameworkMethod.java:47)
	at org.junit.internal.runners.statements.InvokeMethod.evaluate(InvokeMethod.java:17)
	at org.junit.internal.runners.statements.RunBefores.evaluate(RunBefores.java:26)
	at org.junit.internal.runners.statements.RunAfters.evaluate(RunAfters.java:27)
	at org.junit.runners.ParentRunner.runLeaf(ParentRunner.java:325)
	at org.junit.runners.BlockJUnit4ClassRunner.runChild(BlockJUnit4ClassRunner.java:78)
	at org.junit.runners.BlockJUnit4ClassRunner.runChild(BlockJUnit4ClassRunner.java:57)
	at org.junit.runners.ParentRunner$3.run(ParentRunner.java:290)
	at org.junit.runners.ParentRunner$1.schedule(ParentRunner.java:71)
	at org.junit.runners.ParentRunner.runChildren(ParentRunner.java:288)
	at org.junit.runners.ParentRunner.access$000(ParentRunner.java:58)
	at org.junit.runners.ParentRunner$2.evaluate(ParentRunner.java:268)
	at org.junit.runners.ParentRunner.run(ParentRunner.java:363)
	at org.gradle.api.internal.tasks.testing.junit.JUnitTestClassExecutor.runTestClass(JUnitTestClassExecutor.java:106)
	at org.gradle.api.internal.tasks.testing.junit.JUnitTestClassExecutor.execute(JUnitTestClassExecutor.java:58)
	at org.gradle.api.internal.tasks.testing.junit.JUnitTestClassExecutor.execute(JUnitTestClassExecutor.java:38)
	at org.gradle.api.internal.tasks.testing.junit.AbstractJUnitTestClassProcessor.processTestClass(AbstractJUnitTestClassProcessor.java:66)
	at org.gradle.api.internal.tasks.testing.SuiteTestClassProcessor.processTestClass(SuiteTestClassProcessor.java:51)
	at sun.reflect.NativeMethodAccessorImpl.invoke0(Native Method)
	at sun.reflect.NativeMethodAccessorImpl.invoke(NativeMethodAccessorImpl.java:62)
	at sun.reflect.DelegatingMethodAccessorImpl.invoke(DelegatingMethodAccessorImpl.java:43)
	at java.lang.reflect.Method.invoke(Method.java:498)
	at org.gradle.internal.dispatch.ReflectionDispatch.dispatch(ReflectionDispatch.java:35)
	at org.gradle.internal.dispatch.ReflectionDispatch.dispatch(ReflectionDispatch.java:24)
	at org.gradle.internal.dispatch.ContextClassLoaderDispatch.dispatch(ContextClassLoaderDispatch.java:32)
	at org.gradle.internal.dispatch.ProxyDispatchAdapter$DispatchingInvocationHandler.invoke(ProxyDispatchAdapter.java:93)
	at com.sun.proxy.$Proxy1.processTestClass(Unknown Source)
	at org.gradle.api.internal.tasks.testing.worker.TestWorker.processTestClass(TestWorker.java:109)
	at sun.reflect.NativeMethodAccessorImpl.invoke0(Native Method)
	at sun.reflect.NativeMethodAccessorImpl.invoke(NativeMethodAccessorImpl.java:62)
	at sun.reflect.DelegatingMethodAccessorImpl.invoke(DelegatingMethodAccessorImpl.java:43)
	at java.lang.reflect.Method.invoke(Method.java:498)
	at org.gradle.internal.dispatch.ReflectionDispatch.dispatch(ReflectionDispatch.java:35)
	at org.gradle.internal.dispatch.ReflectionDispatch.dispatch(ReflectionDispatch.java:24)
	at org.gradle.internal.remote.internal.hub.MessageHubBackedObjectConnection$DispatchWrapper.dispatch(MessageHubBackedObjectConnection.java:155)
	at org.gradle.internal.remote.internal.hub.MessageHubBackedObjectConnection$DispatchWrapper.dispatch(MessageHubBackedObjectConnection.java:137)
	at org.gradle.internal.remote.internal.hub.MessageHub$Handler.run(MessageHub.java:404)
	at org.gradle.internal.concurrent.ExecutorPolicy$CatchAndRecordFailures.onExecute(ExecutorPolicy.java:63)
	at org.gradle.internal.concurrent.ManagedExecutorImpl$1.run(ManagedExecutorImpl.java:46)
	at java.util.concurrent.ThreadPoolExecutor.runWorker(ThreadPoolExecutor.java:1149)
	at java.util.concurrent.ThreadPoolExecutor$Worker.run(ThreadPoolExecutor.java:624)
	at org.gradle.internal.concurrent.ThreadFactoryImpl$ManagedThreadRunnable.run(ThreadFactoryImpl.java:55)
	at java.lang.Thread.run(Thread.java:748)
</failure>
  </testcase>
  <testcase name="createAdopter" classname="tests.UserUT" time="0.035">
    <failure message="org.bson.BsonInvalidOperationException: readStartDocument can only be called when CurrentBSONType is DOCUMENT, not when CurrentBSONType is NULL." type="org.bson.BsonInvalidOperationException">org.bson.BsonInvalidOperationException: readStartDocument can only be called when CurrentBSONType is DOCUMENT, not when CurrentBSONType is NULL.
	at org.bson.AbstractBsonReader.verifyBSONType(AbstractBsonReader.java:692)
	at org.bson.AbstractBsonReader.checkPreconditions(AbstractBsonReader.java:724)
	at org.bson.AbstractBsonReader.readStartDocument(AbstractBsonReader.java:452)
	at org.bson.codecs.DocumentCodec.decode(DocumentCodec.java:148)
	at org.bson.codecs.DocumentCodec.decode(DocumentCodec.java:45)
	at org.bson.Document.parse(Document.java:105)
	at org.bson.Document.parse(Document.java:90)
	at app.database.DatabaseController.convertToDocument(DatabaseController.java:70)
	at app.database.DatabaseController.removeObject(DatabaseController.java:52)
	at tests.UserUT.createAdopter(UserUT.java:54)
	at sun.reflect.NativeMethodAccessorImpl.invoke0(Native Method)
	at sun.reflect.NativeMethodAccessorImpl.invoke(NativeMethodAccessorImpl.java:62)
	at sun.reflect.DelegatingMethodAccessorImpl.invoke(DelegatingMethodAccessorImpl.java:43)
	at java.lang.reflect.Method.invoke(Method.java:498)
	at org.junit.runners.model.FrameworkMethod$1.runReflectiveCall(FrameworkMethod.java:50)
	at org.junit.internal.runners.model.ReflectiveCallable.run(ReflectiveCallable.java:12)
	at org.junit.runners.model.FrameworkMethod.invokeExplosively(FrameworkMethod.java:47)
	at org.junit.internal.runners.statements.InvokeMethod.evaluate(InvokeMethod.java:17)
	at org.junit.internal.runners.statements.RunBefores.evaluate(RunBefores.java:26)
	at org.junit.internal.runners.statements.RunAfters.evaluate(RunAfters.java:27)
	at org.junit.runners.ParentRunner.runLeaf(ParentRunner.java:325)
	at org.junit.runners.BlockJUnit4ClassRunner.runChild(BlockJUnit4ClassRunner.java:78)
	at org.junit.runners.BlockJUnit4ClassRunner.runChild(BlockJUnit4ClassRunner.java:57)
	at org.junit.runners.ParentRunner$3.run(ParentRunner.java:290)
	at org.junit.runners.ParentRunner$1.schedule(ParentRunner.java:71)
	at org.junit.runners.ParentRunner.runChildren(ParentRunner.java:288)
	at org.junit.runners.ParentRunner.access$000(ParentRunner.java:58)
	at org.junit.runners.ParentRunner$2.evaluate(ParentRunner.java:268)
	at org.junit.runners.ParentRunner.run(ParentRunner.java:363)
	at org.gradle.api.internal.tasks.testing.junit.JUnitTestClassExecutor.runTestClass(JUnitTestClassExecutor.java:106)
	at org.gradle.api.internal.tasks.testing.junit.JUnitTestClassExecutor.execute(JUnitTestClassExecutor.java:58)
	at org.gradle.api.internal.tasks.testing.junit.JUnitTestClassExecutor.execute(JUnitTestClassExecutor.java:38)
	at org.gradle.api.internal.tasks.testing.junit.AbstractJUnitTestClassProcessor.processTestClass(AbstractJUnitTestClassProcessor.java:66)
	at org.gradle.api.internal.tasks.testing.SuiteTestClassProcessor.processTestClass(SuiteTestClassProcessor.java:51)
	at sun.reflect.NativeMethodAccessorImpl.invoke0(Native Method)
	at sun.reflect.NativeMethodAccessorImpl.invoke(NativeMethodAccessorImpl.java:62)
	at sun.reflect.DelegatingMethodAccessorImpl.invoke(DelegatingMethodAccessorImpl.java:43)
	at java.lang.reflect.Method.invoke(Method.java:498)
	at org.gradle.internal.dispatch.ReflectionDispatch.dispatch(ReflectionDispatch.java:35)
	at org.gradle.internal.dispatch.ReflectionDispatch.dispatch(ReflectionDispatch.java:24)
	at org.gradle.internal.dispatch.ContextClassLoaderDispatch.dispatch(ContextClassLoaderDispatch.java:32)
	at org.gradle.internal.dispatch.ProxyDispatchAdapter$DispatchingInvocationHandler.invoke(ProxyDispatchAdapter.java:93)
	at com.sun.proxy.$Proxy1.processTestClass(Unknown Source)
	at org.gradle.api.internal.tasks.testing.worker.TestWorker.processTestClass(TestWorker.java:109)
	at sun.reflect.NativeMethodAccessorImpl.invoke0(Native Method)
	at sun.reflect.NativeMethodAccessorImpl.invoke(NativeMethodAccessorImpl.java:62)
	at sun.reflect.DelegatingMethodAccessorImpl.invoke(DelegatingMethodAccessorImpl.java:43)
	at java.lang.reflect.Method.invoke(Method.java:498)
	at org.gradle.internal.dispatch.ReflectionDispatch.dispatch(ReflectionDispatch.java:35)
	at org.gradle.internal.dispatch.ReflectionDispatch.dispatch(ReflectionDispatch.java:24)
	at org.gradle.internal.remote.internal.hub.MessageHubBackedObjectConnection$DispatchWrapper.dispatch(MessageHubBackedObjectConnection.java:155)
	at org.gradle.internal.remote.internal.hub.MessageHubBackedObjectConnection$DispatchWrapper.dispatch(MessageHubBackedObjectConnection.java:137)
	at org.gradle.internal.remote.internal.hub.MessageHub$Handler.run(MessageHub.java:404)
	at org.gradle.internal.concurrent.ExecutorPolicy$CatchAndRecordFailures.onExecute(ExecutorPolicy.java:63)
	at org.gradle.internal.concurrent.ManagedExecutorImpl$1.run(ManagedExecutorImpl.java:46)
	at java.util.concurrent.ThreadPoolExecutor.runWorker(ThreadPoolExecutor.java:1149)
	at java.util.concurrent.ThreadPoolExecutor$Worker.run(ThreadPoolExecutor.java:624)
	at org.gradle.internal.concurrent.ThreadFactoryImpl$ManagedThreadRunnable.run(ThreadFactoryImpl.java:55)
	at java.lang.Thread.run(Thread.java:748)
</failure>
  </testcase>
  <system-out><![CDATA[00:39:49.479 [Test worker] INFO org.mongodb.driver.cluster - Cluster created with settings {hosts=[localhost:27017], mode=SINGLE, requiredClusterType=UNKNOWN, serverSelectionTimeout='30000 ms', maxWaitQueueSize=500}
00:39:49.483 [Test worker] DEBUG org.mongodb.driver.cluster - Updating cluster description to  {type=UNKNOWN, servers=[{address=localhost:27017, type=UNKNOWN, state=CONNECTING}]
record: Document{{accessCode=ABC123}}
00:39:49.485 [Test worker] INFO org.mongodb.driver.cluster - Cluster description not yet available. Waiting for 30000 ms before timing out
00:39:49.532 [cluster-ClusterId{value='5bcbf505703578242c5c5396', description='null'}-localhost:27017] INFO org.mongodb.driver.connection - Opened connection [connectionId{localValue:3, serverValue:48}] to localhost:27017
00:39:49.532 [cluster-ClusterId{value='5bcbf505703578242c5c5396', description='null'}-localhost:27017] DEBUG org.mongodb.driver.cluster - Checking status of localhost:27017
00:39:49.533 [cluster-ClusterId{value='5bcbf505703578242c5c5396', description='null'}-localhost:27017] INFO org.mongodb.driver.cluster - Monitor thread successfully connected to server with description ServerDescription{address=localhost:27017, type=STANDALONE, state=CONNECTED, ok=true, version=ServerVersion{versionList=[4, 0, 3]}, minWireVersion=0, maxWireVersion=7, maxDocumentSize=16777216, logicalSessionTimeoutMinutes=30, roundTripTimeNanos=804248}
00:39:49.534 [cluster-ClusterId{value='5bcbf505703578242c5c5396', description='null'}-localhost:27017] DEBUG org.mongodb.driver.cluster - Updating cluster description to  {type=STANDALONE, servers=[{address=localhost:27017, type=STANDALONE, roundTripTime=0.8 ms, state=CONNECTED}]
00:39:49.542 [Test worker] INFO org.mongodb.driver.connection - Opened connection [connectionId{localValue:4, serverValue:49}] to localhost:27017
00:39:49.542 [Test worker] DEBUG org.mongodb.driver.protocol.command - Sending command {find : BsonString{value='accessCodes'}} to database Obsecao on connection [connectionId{localValue:4, serverValue:49}] to server localhost:27017
00:39:49.543 [Test worker] DEBUG org.mongodb.driver.protocol.command - Command execution completed
00:39:49.544 [Test worker] DEBUG org.mongodb.driver.protocol.command - Sending command {update : BsonString{value='accessCodes'}} to database Obsecao on connection [connectionId{localValue:4, serverValue:49}] to server localhost:27017
00:39:49.546 [Test worker] DEBUG org.mongodb.driver.protocol.command - Command execution completed
00:39:49.547 [Test worker] DEBUG org.mongodb.driver.protocol.command - Sending command {find : BsonString{value='user'}} to database Obsecao on connection [connectionId{localValue:4, serverValue:49}] to server localhost:27017
00:39:49.555 [Test worker] DEBUG org.mongodb.driver.protocol.command - Command execution completed
00:39:49.595 [Test worker] DEBUG org.mongodb.driver.protocol.command - Sending command {endSessions : BsonArray{values=[{ "id" : { "$binary" : "9+fH63PiRuiwpSZv6sOYVw==", "$type" : "04" } }]}} to database admin on connection [connectionId{localValue:4, serverValue:49}] to server localhost:27017
00:39:49.596 [Test worker] DEBUG org.mongodb.driver.protocol.command - Command execution completed
00:39:49.597 [Test worker] INFO org.mongodb.driver.connection - Closed connection [connectionId{localValue:4, serverValue:49}] to localhost:27017 because the pool has been closed.
00:39:49.597 [Test worker] DEBUG org.mongodb.driver.connection - Closing connection connectionId{localValue:4, serverValue:49}
00:39:49.599 [cluster-ClusterId{value='5bcbf505703578242c5c5396', description='null'}-localhost:27017] DEBUG org.mongodb.driver.connection - Closing connection connectionId{localValue:3, serverValue:48}
00:39:49.603 [Test worker] INFO org.mongodb.driver.cluster - Cluster created with settings {hosts=[localhost:27017], mode=SINGLE, requiredClusterType=UNKNOWN, serverSelectionTimeout='30000 ms', maxWaitQueueSize=500}
00:39:49.607 [Test worker] DEBUG org.mongodb.driver.cluster - Updating cluster description to  {type=UNKNOWN, servers=[{address=localhost:27017, type=UNKNOWN, state=CONNECTING}]
record: Document{{accessCode=DEF123}}
00:39:49.611 [Test worker] INFO org.mongodb.driver.cluster - Cluster description not yet available. Waiting for 30000 ms before timing out
00:39:49.617 [cluster-ClusterId{value='5bcbf505703578242c5c5397', description='null'}-localhost:27017] INFO org.mongodb.driver.connection - Opened connection [connectionId{localValue:5, serverValue:50}] to localhost:27017
00:39:49.617 [cluster-ClusterId{value='5bcbf505703578242c5c5397', description='null'}-localhost:27017] DEBUG org.mongodb.driver.cluster - Checking status of localhost:27017
00:39:49.618 [cluster-ClusterId{value='5bcbf505703578242c5c5397', description='null'}-localhost:27017] INFO org.mongodb.driver.cluster - Monitor thread successfully connected to server with description ServerDescription{address=localhost:27017, type=STANDALONE, state=CONNECTED, ok=true, version=ServerVersion{versionList=[4, 0, 3]}, minWireVersion=0, maxWireVersion=7, maxDocumentSize=16777216, logicalSessionTimeoutMinutes=30, roundTripTimeNanos=673983}
00:39:49.619 [cluster-ClusterId{value='5bcbf505703578242c5c5397', description='null'}-localhost:27017] DEBUG org.mongodb.driver.cluster - Updating cluster description to  {type=STANDALONE, servers=[{address=localhost:27017, type=STANDALONE, roundTripTime=0.7 ms, state=CONNECTED}]
00:39:49.625 [Test worker] INFO org.mongodb.driver.connection - Opened connection [connectionId{localValue:6, serverValue:51}] to localhost:27017
00:39:49.625 [Test worker] DEBUG org.mongodb.driver.protocol.command - Sending command {find : BsonString{value='accessCodes'}} to database Obsecao on connection [connectionId{localValue:6, serverValue:51}] to server localhost:27017
00:39:49.626 [Test worker] DEBUG org.mongodb.driver.protocol.command - Command execution completed
00:39:49.627 [Test worker] DEBUG org.mongodb.driver.protocol.command - Sending command {update : BsonString{value='accessCodes'}} to database Obsecao on connection [connectionId{localValue:6, serverValue:51}] to server localhost:27017
00:39:49.628 [Test worker] DEBUG org.mongodb.driver.protocol.command - Command execution completed
00:39:49.629 [Test worker] DEBUG org.mongodb.driver.protocol.command - Sending command {find : BsonString{value='user'}} to database Obsecao on connection [connectionId{localValue:6, serverValue:51}] to server localhost:27017
00:39:49.630 [Test worker] DEBUG org.mongodb.driver.protocol.command - Command execution completed
00:39:49.631 [Test worker] DEBUG org.mongodb.driver.protocol.command - Sending command {endSessions : BsonArray{values=[{ "id" : { "$binary" : "kjRetictREOEI54fXJZWQA==", "$type" : "04" } }]}} to database admin on connection [connectionId{localValue:6, serverValue:51}] to server localhost:27017
00:39:49.632 [Test worker] DEBUG org.mongodb.driver.protocol.command - Command execution completed
00:39:49.632 [Test worker] INFO org.mongodb.driver.connection - Closed connection [connectionId{localValue:6, serverValue:51}] to localhost:27017 because the pool has been closed.
00:39:49.632 [Test worker] DEBUG org.mongodb.driver.connection - Closing connection connectionId{localValue:6, serverValue:51}
00:39:49.632 [cluster-ClusterId{value='5bcbf505703578242c5c5397', description='null'}-localhost:27017] DEBUG org.mongodb.driver.connection - Closing connection connectionId{localValue:5, serverValue:50}
00:39:49.633 [Test worker] INFO org.mongodb.driver.cluster - Cluster created with settings {hosts=[localhost:27017], mode=SINGLE, requiredClusterType=UNKNOWN, serverSelectionTimeout='30000 ms', maxWaitQueueSize=500}
00:39:49.635 [Test worker] DEBUG org.mongodb.driver.cluster - Updating cluster description to  {type=UNKNOWN, servers=[{address=localhost:27017, type=UNKNOWN, state=CONNECTING}]
00:39:49.637 [Test worker] INFO org.mongodb.driver.cluster - Cluster description not yet available. Waiting for 30000 ms before timing out
00:39:49.653 [cluster-ClusterId{value='5bcbf505703578242c5c5398', description='null'}-localhost:27017] INFO org.mongodb.driver.connection - Opened connection [connectionId{localValue:7, serverValue:52}] to localhost:27017
00:39:49.654 [cluster-ClusterId{value='5bcbf505703578242c5c5398', description='null'}-localhost:27017] DEBUG org.mongodb.driver.cluster - Checking status of localhost:27017
00:39:49.655 [cluster-ClusterId{value='5bcbf505703578242c5c5398', description='null'}-localhost:27017] INFO org.mongodb.driver.cluster - Monitor thread successfully connected to server with description ServerDescription{address=localhost:27017, type=STANDALONE, state=CONNECTED, ok=true, version=ServerVersion{versionList=[4, 0, 3]}, minWireVersion=0, maxWireVersion=7, maxDocumentSize=16777216, logicalSessionTimeoutMinutes=30, roundTripTimeNanos=735150}
00:39:49.655 [cluster-ClusterId{value='5bcbf505703578242c5c5398', description='null'}-localhost:27017] DEBUG org.mongodb.driver.cluster - Updating cluster description to  {type=STANDALONE, servers=[{address=localhost:27017, type=STANDALONE, roundTripTime=0.7 ms, state=CONNECTED}]
00:39:49.663 [Test worker] INFO org.mongodb.driver.connection - Opened connection [connectionId{localValue:8, serverValue:53}] to localhost:27017
00:39:49.664 [Test worker] DEBUG org.mongodb.driver.protocol.command - Sending command {find : BsonString{value='user'}} to database Obsecao on connection [connectionId{localValue:8, serverValue:53}] to server localhost:27017
00:39:49.665 [Test worker] DEBUG org.mongodb.driver.protocol.command - Command execution completed
00:39:49.666 [Test worker] DEBUG org.mongodb.driver.protocol.command - Sending command {endSessions : BsonArray{values=[{ "id" : { "$binary" : "6LTqt7pcTVGO6hdIs9LuQQ==", "$type" : "04" } }]}} to database admin on connection [connectionId{localValue:8, serverValue:53}] to server localhost:27017
00:39:49.667 [Test worker] DEBUG org.mongodb.driver.protocol.command - Command execution completed
00:39:49.668 [Test worker] INFO org.mongodb.driver.connection - Closed connection [connectionId{localValue:8, serverValue:53}] to localhost:27017 because the pool has been closed.
00:39:49.668 [Test worker] DEBUG org.mongodb.driver.connection - Closing connection connectionId{localValue:8, serverValue:53}
]]></system-out>
  <system-err><![CDATA[]]></system-err>
</testsuite>
