<?xml version="1.0" encoding="UTF-8"?>
<testsuite name="tests.UserUT" tests="3" skipped="0" failures="0" errors="0" timestamp="2018-10-23T23:30:16" hostname="W105N0YRP2" time="0.112">
  <properties/>
  <testcase name="createAdminUser" classname="tests.UserUT" time="0.043"/>
  <testcase name="createGuardian" classname="tests.UserUT" time="0.038"/>
  <testcase name="createAdopter" classname="tests.UserUT" time="0.031"/>
  <system-out><![CDATA[20:30:16.896 [Test worker] INFO org.mongodb.driver.cluster - Cluster created with settings {hosts=[localhost:27017], mode=SINGLE, requiredClusterType=UNKNOWN, serverSelectionTimeout='30000 ms', maxWaitQueueSize=500}
20:30:16.898 [Test worker] DEBUG org.mongodb.driver.cluster - Updating cluster description to  {type=UNKNOWN, servers=[{address=localhost:27017, type=UNKNOWN, state=CONNECTING}]
record: Document{{accessCode=ABC123}}
20:30:16.900 [Test worker] INFO org.mongodb.driver.cluster - Cluster description not yet available. Waiting for 30000 ms before timing out
20:30:16.906 [cluster-ClusterId{value='5bcfaf084cab1e4ccc3020f0', description='null'}-localhost:27017] INFO org.mongodb.driver.connection - Opened connection [connectionId{localValue:3, serverValue:3}] to localhost:27017
20:30:16.906 [cluster-ClusterId{value='5bcfaf084cab1e4ccc3020f0', description='null'}-localhost:27017] DEBUG org.mongodb.driver.cluster - Checking status of localhost:27017
20:30:16.907 [cluster-ClusterId{value='5bcfaf084cab1e4ccc3020f0', description='null'}-localhost:27017] INFO org.mongodb.driver.cluster - Monitor thread successfully connected to server with description ServerDescription{address=localhost:27017, type=STANDALONE, state=CONNECTED, ok=true, version=ServerVersion{versionList=[4, 0, 3]}, minWireVersion=0, maxWireVersion=7, maxDocumentSize=16777216, logicalSessionTimeoutMinutes=30, roundTripTimeNanos=865038}
20:30:16.907 [cluster-ClusterId{value='5bcfaf084cab1e4ccc3020f0', description='null'}-localhost:27017] DEBUG org.mongodb.driver.cluster - Updating cluster description to  {type=STANDALONE, servers=[{address=localhost:27017, type=STANDALONE, roundTripTime=0.9 ms, state=CONNECTED}]
20:30:16.914 [Test worker] INFO org.mongodb.driver.connection - Opened connection [connectionId{localValue:4, serverValue:4}] to localhost:27017
20:30:16.915 [Test worker] DEBUG org.mongodb.driver.protocol.command - Sending command {find : BsonString{value='accessCodes'}} to database Obsecao on connection [connectionId{localValue:4, serverValue:4}] to server localhost:27017
20:30:16.916 [Test worker] DEBUG org.mongodb.driver.protocol.command - Command execution completed
20:30:16.917 [Test worker] DEBUG org.mongodb.driver.protocol.command - Sending command {find : BsonString{value='accessCodes'}} to database Obsecao on connection [connectionId{localValue:4, serverValue:4}] to server localhost:27017
20:30:16.918 [Test worker] DEBUG org.mongodb.driver.protocol.command - Command execution completed
20:30:16.918 [Test worker] DEBUG org.mongodb.driver.protocol.command - Sending command {update : BsonString{value='accessCodes'}} to database Obsecao on connection [connectionId{localValue:4, serverValue:4}] to server localhost:27017
20:30:16.920 [Test worker] DEBUG org.mongodb.driver.protocol.command - Command execution completed
20:30:16.921 [Test worker] DEBUG org.mongodb.driver.protocol.command - Sending command {find : BsonString{value='user'}} to database Obsecao on connection [connectionId{localValue:4, serverValue:4}] to server localhost:27017
20:30:16.922 [Test worker] DEBUG org.mongodb.driver.protocol.command - Command execution completed
20:30:16.924 [Test worker] DEBUG org.mongodb.driver.protocol.command - Sending command {insert : BsonString{value='user'}} to database Obsecao on connection [connectionId{localValue:4, serverValue:4}] to server localhost:27017
20:30:16.925 [Test worker] DEBUG org.mongodb.driver.protocol.command - Command execution completed
20:30:16.926 [Test worker] DEBUG org.mongodb.driver.protocol.command - Sending command {find : BsonString{value='user'}} to database Obsecao on connection [connectionId{localValue:4, serverValue:4}] to server localhost:27017
20:30:16.928 [Test worker] DEBUG org.mongodb.driver.protocol.command - Command execution completed
20:30:16.929 [Test worker] DEBUG org.mongodb.driver.protocol.command - Sending command {find : BsonString{value='user'}} to database Obsecao on connection [connectionId{localValue:4, serverValue:4}] to server localhost:27017
20:30:16.931 [Test worker] DEBUG org.mongodb.driver.protocol.command - Command execution completed
20:30:16.932 [Test worker] DEBUG org.mongodb.driver.protocol.command - Sending command {delete : BsonString{value='user'}} to database Obsecao on connection [connectionId{localValue:4, serverValue:4}] to server localhost:27017
20:30:16.934 [Test worker] DEBUG org.mongodb.driver.protocol.command - Command execution completed
20:30:16.935 [Test worker] DEBUG org.mongodb.driver.protocol.command - Sending command {update : BsonString{value='accessCodes'}} to database Obsecao on connection [connectionId{localValue:4, serverValue:4}] to server localhost:27017
20:30:16.936 [Test worker] DEBUG org.mongodb.driver.protocol.command - Command execution completed
20:30:16.937 [Test worker] DEBUG org.mongodb.driver.protocol.command - Sending command {endSessions : BsonArray{values=[{ "id" : { "$binary" : "YWmnSe5oTJaY2qrUfLzGiw==", "$type" : "04" } }]}} to database admin on connection [connectionId{localValue:4, serverValue:4}] to server localhost:27017
20:30:16.938 [Test worker] DEBUG org.mongodb.driver.protocol.command - Command execution completed
20:30:16.938 [Test worker] INFO org.mongodb.driver.connection - Closed connection [connectionId{localValue:4, serverValue:4}] to localhost:27017 because the pool has been closed.
20:30:16.938 [Test worker] DEBUG org.mongodb.driver.connection - Closing connection connectionId{localValue:4, serverValue:4}
20:30:16.938 [cluster-ClusterId{value='5bcfaf084cab1e4ccc3020f0', description='null'}-localhost:27017] DEBUG org.mongodb.driver.connection - Closing connection connectionId{localValue:3, serverValue:3}
20:30:16.939 [Test worker] INFO org.mongodb.driver.cluster - Cluster created with settings {hosts=[localhost:27017], mode=SINGLE, requiredClusterType=UNKNOWN, serverSelectionTimeout='30000 ms', maxWaitQueueSize=500}
20:30:16.941 [Test worker] DEBUG org.mongodb.driver.cluster - Updating cluster description to  {type=UNKNOWN, servers=[{address=localhost:27017, type=UNKNOWN, state=CONNECTING}]
record: Document{{accessCode=DEF123}}
20:30:16.944 [Test worker] INFO org.mongodb.driver.cluster - Cluster description not yet available. Waiting for 30000 ms before timing out
20:30:16.949 [cluster-ClusterId{value='5bcfaf084cab1e4ccc3020f2', description='null'}-localhost:27017] INFO org.mongodb.driver.connection - Opened connection [connectionId{localValue:5, serverValue:5}] to localhost:27017
20:30:16.949 [cluster-ClusterId{value='5bcfaf084cab1e4ccc3020f2', description='null'}-localhost:27017] DEBUG org.mongodb.driver.cluster - Checking status of localhost:27017
20:30:16.950 [cluster-ClusterId{value='5bcfaf084cab1e4ccc3020f2', description='null'}-localhost:27017] INFO org.mongodb.driver.cluster - Monitor thread successfully connected to server with description ServerDescription{address=localhost:27017, type=STANDALONE, state=CONNECTED, ok=true, version=ServerVersion{versionList=[4, 0, 3]}, minWireVersion=0, maxWireVersion=7, maxDocumentSize=16777216, logicalSessionTimeoutMinutes=30, roundTripTimeNanos=661522}
20:30:16.951 [cluster-ClusterId{value='5bcfaf084cab1e4ccc3020f2', description='null'}-localhost:27017] DEBUG org.mongodb.driver.cluster - Updating cluster description to  {type=STANDALONE, servers=[{address=localhost:27017, type=STANDALONE, roundTripTime=0.7 ms, state=CONNECTED}]
20:30:16.957 [Test worker] INFO org.mongodb.driver.connection - Opened connection [connectionId{localValue:6, serverValue:6}] to localhost:27017
20:30:16.957 [Test worker] DEBUG org.mongodb.driver.protocol.command - Sending command {find : BsonString{value='accessCodes'}} to database Obsecao on connection [connectionId{localValue:6, serverValue:6}] to server localhost:27017
20:30:16.959 [Test worker] DEBUG org.mongodb.driver.protocol.command - Command execution completed
20:30:16.959 [Test worker] DEBUG org.mongodb.driver.protocol.command - Sending command {find : BsonString{value='accessCodes'}} to database Obsecao on connection [connectionId{localValue:6, serverValue:6}] to server localhost:27017
20:30:16.960 [Test worker] DEBUG org.mongodb.driver.protocol.command - Command execution completed
20:30:16.961 [Test worker] DEBUG org.mongodb.driver.protocol.command - Sending command {update : BsonString{value='accessCodes'}} to database Obsecao on connection [connectionId{localValue:6, serverValue:6}] to server localhost:27017
20:30:16.962 [Test worker] DEBUG org.mongodb.driver.protocol.command - Command execution completed
20:30:16.963 [Test worker] DEBUG org.mongodb.driver.protocol.command - Sending command {find : BsonString{value='user'}} to database Obsecao on connection [connectionId{localValue:6, serverValue:6}] to server localhost:27017
20:30:16.964 [Test worker] DEBUG org.mongodb.driver.protocol.command - Command execution completed
20:30:16.965 [Test worker] DEBUG org.mongodb.driver.protocol.command - Sending command {insert : BsonString{value='user'}} to database Obsecao on connection [connectionId{localValue:6, serverValue:6}] to server localhost:27017
20:30:16.966 [Test worker] DEBUG org.mongodb.driver.protocol.command - Command execution completed
20:30:16.967 [Test worker] DEBUG org.mongodb.driver.protocol.command - Sending command {find : BsonString{value='user'}} to database Obsecao on connection [connectionId{localValue:6, serverValue:6}] to server localhost:27017
20:30:16.968 [Test worker] DEBUG org.mongodb.driver.protocol.command - Command execution completed
20:30:16.969 [Test worker] DEBUG org.mongodb.driver.protocol.command - Sending command {find : BsonString{value='user'}} to database Obsecao on connection [connectionId{localValue:6, serverValue:6}] to server localhost:27017
20:30:16.971 [Test worker] DEBUG org.mongodb.driver.protocol.command - Command execution completed
20:30:16.971 [Test worker] DEBUG org.mongodb.driver.protocol.command - Sending command {delete : BsonString{value='user'}} to database Obsecao on connection [connectionId{localValue:6, serverValue:6}] to server localhost:27017
20:30:16.972 [Test worker] DEBUG org.mongodb.driver.protocol.command - Command execution completed
20:30:16.973 [Test worker] DEBUG org.mongodb.driver.protocol.command - Sending command {update : BsonString{value='accessCodes'}} to database Obsecao on connection [connectionId{localValue:6, serverValue:6}] to server localhost:27017
20:30:16.974 [Test worker] DEBUG org.mongodb.driver.protocol.command - Command execution completed
20:30:16.975 [Test worker] DEBUG org.mongodb.driver.protocol.command - Sending command {endSessions : BsonArray{values=[{ "id" : { "$binary" : "WGhZwe7zTjiWp3Z8O8ZlzA==", "$type" : "04" } }]}} to database admin on connection [connectionId{localValue:6, serverValue:6}] to server localhost:27017
20:30:16.976 [Test worker] DEBUG org.mongodb.driver.protocol.command - Command execution completed
20:30:16.976 [Test worker] INFO org.mongodb.driver.connection - Closed connection [connectionId{localValue:6, serverValue:6}] to localhost:27017 because the pool has been closed.
20:30:16.976 [Test worker] DEBUG org.mongodb.driver.connection - Closing connection connectionId{localValue:6, serverValue:6}
20:30:16.977 [cluster-ClusterId{value='5bcfaf084cab1e4ccc3020f2', description='null'}-localhost:27017] DEBUG org.mongodb.driver.connection - Closing connection connectionId{localValue:5, serverValue:5}
20:30:16.977 [Test worker] INFO org.mongodb.driver.cluster - Cluster created with settings {hosts=[localhost:27017], mode=SINGLE, requiredClusterType=UNKNOWN, serverSelectionTimeout='30000 ms', maxWaitQueueSize=500}
20:30:16.979 [Test worker] DEBUG org.mongodb.driver.cluster - Updating cluster description to  {type=UNKNOWN, servers=[{address=localhost:27017, type=UNKNOWN, state=CONNECTING}]
20:30:16.981 [Test worker] INFO org.mongodb.driver.cluster - Cluster description not yet available. Waiting for 30000 ms before timing out
20:30:16.985 [cluster-ClusterId{value='5bcfaf084cab1e4ccc3020f4', description='null'}-localhost:27017] INFO org.mongodb.driver.connection - Opened connection [connectionId{localValue:7, serverValue:7}] to localhost:27017
20:30:16.986 [cluster-ClusterId{value='5bcfaf084cab1e4ccc3020f4', description='null'}-localhost:27017] DEBUG org.mongodb.driver.cluster - Checking status of localhost:27017
20:30:16.987 [cluster-ClusterId{value='5bcfaf084cab1e4ccc3020f4', description='null'}-localhost:27017] INFO org.mongodb.driver.cluster - Monitor thread successfully connected to server with description ServerDescription{address=localhost:27017, type=STANDALONE, state=CONNECTED, ok=true, version=ServerVersion{versionList=[4, 0, 3]}, minWireVersion=0, maxWireVersion=7, maxDocumentSize=16777216, logicalSessionTimeoutMinutes=30, roundTripTimeNanos=632448}
20:30:16.987 [cluster-ClusterId{value='5bcfaf084cab1e4ccc3020f4', description='null'}-localhost:27017] DEBUG org.mongodb.driver.cluster - Updating cluster description to  {type=STANDALONE, servers=[{address=localhost:27017, type=STANDALONE, roundTripTime=0.6 ms, state=CONNECTED}]
20:30:16.993 [Test worker] INFO org.mongodb.driver.connection - Opened connection [connectionId{localValue:8, serverValue:8}] to localhost:27017
20:30:16.994 [Test worker] DEBUG org.mongodb.driver.protocol.command - Sending command {find : BsonString{value='user'}} to database Obsecao on connection [connectionId{localValue:8, serverValue:8}] to server localhost:27017
20:30:16.995 [Test worker] DEBUG org.mongodb.driver.protocol.command - Command execution completed
20:30:16.997 [Test worker] DEBUG org.mongodb.driver.protocol.command - Sending command {insert : BsonString{value='user'}} to database Obsecao on connection [connectionId{localValue:8, serverValue:8}] to server localhost:27017
20:30:16.998 [Test worker] DEBUG org.mongodb.driver.protocol.command - Command execution completed
20:30:16.999 [Test worker] DEBUG org.mongodb.driver.protocol.command - Sending command {find : BsonString{value='user'}} to database Obsecao on connection [connectionId{localValue:8, serverValue:8}] to server localhost:27017
20:30:17.000 [Test worker] DEBUG org.mongodb.driver.protocol.command - Command execution completed
20:30:17.001 [Test worker] DEBUG org.mongodb.driver.protocol.command - Sending command {find : BsonString{value='user'}} to database Obsecao on connection [connectionId{localValue:8, serverValue:8}] to server localhost:27017
20:30:17.002 [Test worker] DEBUG org.mongodb.driver.protocol.command - Command execution completed
20:30:17.003 [Test worker] DEBUG org.mongodb.driver.protocol.command - Sending command {delete : BsonString{value='user'}} to database Obsecao on connection [connectionId{localValue:8, serverValue:8}] to server localhost:27017
20:30:17.004 [Test worker] DEBUG org.mongodb.driver.protocol.command - Command execution completed
20:30:17.004 [Test worker] DEBUG org.mongodb.driver.protocol.command - Sending command {update : BsonString{value='accessCodes'}} to database Obsecao on connection [connectionId{localValue:8, serverValue:8}] to server localhost:27017
20:30:17.006 [Test worker] DEBUG org.mongodb.driver.protocol.command - Command execution completed
20:30:17.006 [Test worker] DEBUG org.mongodb.driver.protocol.command - Sending command {endSessions : BsonArray{values=[{ "id" : { "$binary" : "kiHXSGG/S5aal8OaaSCk3A==", "$type" : "04" } }]}} to database admin on connection [connectionId{localValue:8, serverValue:8}] to server localhost:27017
20:30:17.007 [Test worker] DEBUG org.mongodb.driver.protocol.command - Command execution completed
20:30:17.007 [Test worker] INFO org.mongodb.driver.connection - Closed connection [connectionId{localValue:8, serverValue:8}] to localhost:27017 because the pool has been closed.
20:30:17.007 [Test worker] DEBUG org.mongodb.driver.connection - Closing connection connectionId{localValue:8, serverValue:8}
]]></system-out>
  <system-err><![CDATA[]]></system-err>
</testsuite>
